Arguments: 
  /Users/joseph.naoki.groves/.nvm/versions/node/v12.8.0/bin/node /Users/joseph.naoki.groves/.nvm/versions/node/v12.8.0/bin/yarn

PATH: 
  /Users/joseph.naoki.groves/.nvm/versions/node/v12.8.0/bin:/usr/local/bin:/usr/bin:/bin:/usr/sbin:/sbin

Yarn version: 
  1.17.3

Node version: 
  12.8.0

Platform: 
  darwin x64

Trace: 
  Error: https://registry.yarnpkg.com/@opam%2fdune: Not found
      at Request.params.callback [as _callback] (/Users/joseph.naoki.groves/.nvm/versions/node/v12.8.0/lib/node_modules/yarn/lib/cli.js:66830:18)
      at Request.self.callback (/Users/joseph.naoki.groves/.nvm/versions/node/v12.8.0/lib/node_modules/yarn/lib/cli.js:140464:22)
      at Request.emit (events.js:203:13)
      at Request.<anonymous> (/Users/joseph.naoki.groves/.nvm/versions/node/v12.8.0/lib/node_modules/yarn/lib/cli.js:141436:10)
      at Request.emit (events.js:203:13)
      at IncomingMessage.<anonymous> (/Users/joseph.naoki.groves/.nvm/versions/node/v12.8.0/lib/node_modules/yarn/lib/cli.js:141358:12)
      at Object.onceWrapper (events.js:291:20)
      at IncomingMessage.emit (events.js:208:15)
      at endReadableNT (_stream_readable.js:1168:12)
      at processTicksAndRejections (internal/process/task_queues.js:77:11)

npm manifest: 
  {
    "name": "hello-reason",
    "version": "0.1.0",
    "description": "Example Reason Esy Project",
    "license": "MIT",
    "esy": {
      "build": "refmterr dune build -p #{self.name}",
      "NOTE": "Optional release Section. Customizes result of `esy release`",
      "release": {
        "bin": [
          "Hello"
        ]
      },
      "buildEnv": {
        "ODOC_SYNTAX": "re"
      }
    },
    "scripts": {
      "test": "esy x Hello",
      "doc": "esy dune build @doc"
    },
    "dependencies": {
      "@opam/dune": "*",
      "@reason-native/console": "*",
      "@reason-native/pastel": "*",
      "@reason-native/rely": "*",
      "@esy-ocaml/reason": ">= 3.4.0 < 3.6.0",
      "refmterr": "*",
      "ocaml": "~4.8.1000"
    },
    "devDependencies": {
      "@opam/merlin": "*",
      "ocaml": "~4.8.1000",
      "@opam/odoc": "*"
    }
  }

yarn manifest: 
  No manifest

Lockfile: 
  No lockfile
